#
# There is insufficient memory for the Java Runtime Environment to continue.
# Native memory allocation (malloc) failed to allocate 1048576 bytes for AllocateHeap
# Possible reasons:
#   The system is out of physical RAM or swap space
#   The process is running with CompressedOops enabled, and the Java Heap may be blocking the growth of the native heap
# Possible solutions:
#   Reduce memory load on the system
#   Increase physical memory or swap space
#   Check if swap backing store is full
#   Decrease Java heap size (-Xmx/-Xms)
#   Decrease number of Java threads
#   Decrease Java thread stack sizes (-Xss)
#   Set larger code cache with -XX:ReservedCodeCacheSize=
#   JVM is running with Unscaled Compressed Oops mode in which the Java heap is
#     placed in the first 4GB address space. The Java Heap base address is the
#     maximum limit for the native heap growth. Please use -XX:HeapBaseMinAddress
#     to set the Java Heap base and to place the Java Heap above 4GB virtual address.
# This output file may be truncated or incomplete.
#
#  Out of Memory Error (allocation.cpp:44), pid=10132, tid=18024
#
# JRE version:  (17.0.8.1+1) (build )
# Java VM: OpenJDK 64-Bit Server VM (17.0.8.1+1, mixed mode, sharing, tiered, compressed oops, compressed class ptrs, g1 gc, windows-amd64)
# No core dump will be written. Minidumps are not enabled by default on client versions of Windows
#

---------------  S U M M A R Y ------------

Command Line: -Dfile.encoding=UTF-8 -XX:+ShowCodeDetailsInExceptionMessages com.kb.Spring.jdbcSpring.App

Host: Intel(R) Core(TM) i5-8265U CPU @ 1.60GHz, 8 cores, 7G,  Windows 11 , 64 bit Build 22621 (10.0.22621.2070)
Time: Thu Sep  7 16:15:53 2023 India Standard Time elapsed time: 0.013779 seconds (0d 0h 0m 0s)

---------------  T H R E A D  ---------------

Current thread (0x000002506209bd90):  JavaThread "Unknown thread" [_thread_in_vm, id=18024, stack(0x000000a657200000,0x000000a657300000)]

Stack: [0x000000a657200000,0x000000a657300000]
Native frames: (J=compiled Java code, j=interpreted, Vv=VM code, C=native code)
V  [jvm.dll+0x678b0a]
V  [jvm.dll+0x835e84]
V  [jvm.dll+0x83762e]
V  [jvm.dll+0x837c93]
V  [jvm.dll+0x24746f]
V  [jvm.dll+0xa697b]
V  [jvm.dll+0x2e6c37]
V  [jvm.dll+0x2dea8b]
V  [jvm.dll+0x807f31]
V  [jvm.dll+0x36bb21]
V  [jvm.dll+0x7e733c]
V  [jvm.dll+0x3ee4af]
V  [jvm.dll+0x3f00c1]
C  [jli.dll+0x528b]
C  [ucrtbase.dll+0x29363]
C  [KERNEL32.DLL+0x126ad]
C  [ntdll.dll+0x5aa68]


---------------  P R O C E S S  ---------------

Threads class SMR info:
_java_thread_list=0x00007ffe4360a018, length=0, elements={
}

Java Threads: ( => current thread )

Other Threads:
  0x00000250620f9350 GCTaskThread "GC Thread#0" [stack: 0x000000a657300000,0x000000a657400000] [id=9460]

[error occurred during error reporting (printing all threads), id 0xc0000005, EXCEPTION_ACCESS_VIOLATION (0xc0000005) at pc=0x00007ffe42ddbbc0]

VM state: not at safepoint (not fully initialized)

VM Mutex/Monitor currently owned by a thread:  ([mutex/lock_event])
[0x0000025062097aa0] Heap_lock - owner thread: 0x000002506209bd90

Heap address: 0x0000000081c00000, size: 2020 MB, Compressed Oops mode: 32-bit

CDS archive(s) mapped at: [0x0000000000000000-0x0000000000000000-0x0000000000000000), size 0, SharedBaseAddress: 0x0000000800000000, ArchiveRelocationMode: 1.
Narrow klass base: 0x0000000000000000, Narrow klass shift: 0, Narrow klass range: 0x0

GC Precious Log:
<Empty>

Heap:
 garbage-first heap   total 0K, used 0K [0x0000000081c00000, 0x0000000100000000)
  region size 1024K, 0 young (0K), 0 survivors (0K)

[error occurred during error reporting (printing heap information), id 0xc0000005, EXCEPTION_ACCESS_VIOLATION (0xc0000005) at pc=0x00007ffe431c2699]

GC Heap History (0 events):
No events

Dll operation events (1 events):
Event: 0.009 Loaded shared library C:\Users\DC\.p2\pool\plugins\org.eclipse.justj.openjdk.hotspot.jre.full.win32.x86_64_17.0.8.v20230831-1047\jre\bin\java.dll

Deoptimization events (0 events):
No events

Classes unloaded (0 events):
No events

Classes redefined (0 events):
No events

Internal exceptions (0 events):
No events

VM Operations (0 events):
No events

Events (0 events):
No events


Dynamic libraries:
0x00007ff6a2410000 - 0x00007ff6a241e000 	C:\Users\DC\.p2\pool\plugins\org.eclipse.justj.openjdk.hotspot.jre.full.win32.x86_64_17.0.8.v20230831-1047\jre\bin\javaw.exe
0x00007ffe8fb70000 - 0x00007ffe8fd84000 	C:\WINDOWS\SYSTEM32\ntdll.dll
0x00007ffe79bc0000 - 0x00007ffe79bd9000 	C:\Program Files\Avast Software\Avast\aswhook.dll
0x00007ffe8f180000 - 0x00007ffe8f244000 	C:\WINDOWS\System32\KERNEL32.DLL
0x00007ffe8d4e0000 - 0x00007ffe8d884000 	C:\WINDOWS\System32\KERNELBASE.dll
0x00007ffe8d340000 - 0x00007ffe8d451000 	C:\WINDOWS\System32\ucrtbase.dll
0x00007ffe7a290000 - 0x00007ffe7a2a9000 	C:\Users\DC\.p2\pool\plugins\org.eclipse.justj.openjdk.hotspot.jre.full.win32.x86_64_17.0.8.v20230831-1047\jre\bin\VCRUNTIME140.dll
0x00007ffe79060000 - 0x00007ffe79077000 	C:\Users\DC\.p2\pool\plugins\org.eclipse.justj.openjdk.hotspot.jre.full.win32.x86_64_17.0.8.v20230831-1047\jre\bin\jli.dll
0x00007ffe8f980000 - 0x00007ffe8fb2a000 	C:\WINDOWS\System32\USER32.dll
0x00007ffe8d310000 - 0x00007ffe8d336000 	C:\WINDOWS\System32\win32u.dll
0x00007ffe75e20000 - 0x00007ffe760af000 	C:\WINDOWS\WinSxS\amd64_microsoft.windows.common-controls_6595b64144ccf1df_6.0.22621.2070_none_2713e6537381f706\COMCTL32.dll
0x00007ffe8d930000 - 0x00007ffe8d959000 	C:\WINDOWS\System32\GDI32.dll
0x00007ffe8f5e0000 - 0x00007ffe8f687000 	C:\WINDOWS\System32\msvcrt.dll
0x00007ffe8d130000 - 0x00007ffe8d249000 	C:\WINDOWS\System32\gdi32full.dll
0x00007ffe8d890000 - 0x00007ffe8d92a000 	C:\WINDOWS\System32\msvcp_win.dll
0x00007ffe8dfe0000 - 0x00007ffe8e011000 	C:\WINDOWS\System32\IMM32.DLL
0x00007ffe79050000 - 0x00007ffe7905c000 	C:\Users\DC\.p2\pool\plugins\org.eclipse.justj.openjdk.hotspot.jre.full.win32.x86_64_17.0.8.v20230831-1047\jre\bin\vcruntime140_1.dll
0x00007ffe4f7e0000 - 0x00007ffe4f871000 	C:\Users\DC\.p2\pool\plugins\org.eclipse.justj.openjdk.hotspot.jre.full.win32.x86_64_17.0.8.v20230831-1047\jre\bin\msvcp140.dll
0x00007ffe42af0000 - 0x00007ffe4373c000 	C:\Users\DC\.p2\pool\plugins\org.eclipse.justj.openjdk.hotspot.jre.full.win32.x86_64_17.0.8.v20230831-1047\jre\bin\server\jvm.dll
0x00007ffe8da90000 - 0x00007ffe8db40000 	C:\WINDOWS\System32\ADVAPI32.dll
0x00007ffe8df30000 - 0x00007ffe8dfd6000 	C:\WINDOWS\System32\sechost.dll
0x00007ffe8e740000 - 0x00007ffe8e857000 	C:\WINDOWS\System32\RPCRT4.dll
0x00007ffe81be0000 - 0x00007ffe81be9000 	C:\WINDOWS\SYSTEM32\WSOCK32.dll
0x00007ffe8ce20000 - 0x00007ffe8ce6d000 	C:\WINDOWS\SYSTEM32\POWRPROF.dll
0x00007ffe863e0000 - 0x00007ffe86414000 	C:\WINDOWS\SYSTEM32\WINMM.dll
0x00007ffe8e530000 - 0x00007ffe8e5a1000 	C:\WINDOWS\System32\WS2_32.dll
0x00007ffe85100000 - 0x00007ffe8510a000 	C:\WINDOWS\SYSTEM32\VERSION.dll
0x00007ffe8ce00000 - 0x00007ffe8ce13000 	C:\WINDOWS\SYSTEM32\UMPDC.dll
0x00007ffe8bf40000 - 0x00007ffe8bf58000 	C:\WINDOWS\SYSTEM32\kernel.appcore.dll
0x00007ffe880c0000 - 0x00007ffe880ca000 	C:\Users\DC\.p2\pool\plugins\org.eclipse.justj.openjdk.hotspot.jre.full.win32.x86_64_17.0.8.v20230831-1047\jre\bin\jimage.dll
0x00007ffe8a900000 - 0x00007ffe8ab2e000 	C:\WINDOWS\SYSTEM32\DBGHELP.DLL
0x00007ffe8f250000 - 0x00007ffe8f5da000 	C:\WINDOWS\System32\combase.dll
0x00007ffe8dca0000 - 0x00007ffe8dd77000 	C:\WINDOWS\System32\OLEAUT32.dll
0x00007ffe777c0000 - 0x00007ffe777f2000 	C:\WINDOWS\SYSTEM32\dbgcore.DLL
0x00007ffe8d460000 - 0x00007ffe8d4da000 	C:\WINDOWS\System32\bcryptPrimitives.dll
0x00007ffe872e0000 - 0x00007ffe87305000 	C:\Users\DC\.p2\pool\plugins\org.eclipse.justj.openjdk.hotspot.jre.full.win32.x86_64_17.0.8.v20230831-1047\jre\bin\java.dll

dbghelp: loaded successfully - version: 4.0.5 - missing functions: none
symbol engine: initialized successfully - sym options: 0x614 - pdb path: .;C:\Users\DC\.p2\pool\plugins\org.eclipse.justj.openjdk.hotspot.jre.full.win32.x86_64_17.0.8.v20230831-1047\jre\bin;C:\WINDOWS\SYSTEM32;C:\Program Files\Avast Software\Avast;C:\WINDOWS\WinSxS\amd64_microsoft.windows.common-controls_6595b64144ccf1df_6.0.22621.2070_none_2713e6537381f706;C:\Users\DC\.p2\pool\plugins\org.eclipse.justj.openjdk.hotspot.jre.full.win32.x86_64_17.0.8.v20230831-1047\jre\bin\server

VM Arguments:
jvm_args: -Dfile.encoding=UTF-8 -XX:+ShowCodeDetailsInExceptionMessages 
java_command: com.kb.Spring.jdbcSpring.App
java_class_path (initial): C:\Users\DC\Desktop\JAVAEE\jdbcSpring\target\classes;C:\Users\DC\.m2\repository\org\springframework\spring-core\4.3.1.RELEASE\spring-core-4.3.1.RELEASE.jar;C:\Users\DC\.m2\repository\commons-logging\commons-logging\1.2\commons-logging-1.2.jar;C:\Users\DC\.m2\repository\org\springframework\spring-context\4.3.1.RELEASE\spring-context-4.3.1.RELEASE.jar;C:\Users\DC\.m2\repository\org\springframework\spring-aop\4.3.1.RELEASE\spring-aop-4.3.1.RELEASE.jar;C:\Users\DC\.m2\repository\org\springframework\spring-beans\4.3.1.RELEASE\spring-beans-4.3.1.RELEASE.jar;C:\Users\DC\.m2\repository\org\springframework\spring-expression\4.3.1.RELEASE\spring-expression-4.3.1.RELEASE.jar;C:\Users\DC\.m2\repository\mysql\mysql-connector-java\8.0.24\mysql-connector-java-8.0.24.jar;C:\Users\DC\.m2\repository\com\google\protobuf\protobuf-java\3.11.4\protobuf-java-3.11.4.jar
Launcher Type: SUN_STANDARD

[Global flags]
     intx CICompilerCount                          = 4                                         {product} {ergonomic}
     uint ConcGCThreads                            = 2                                         {product} {ergonomic}
     uint G1ConcRefinementThreads                  = 8                                         {product} {ergonomic}
   size_t G1HeapRegionSize                         = 1048576                                   {product} {ergonomic}
    uintx GCDrainStackTargetSize                   = 64                                        {product} {ergonomic}
   size_t InitialHeapSize                          = 134217728                                 {product} {ergonomic}
   size_t MarkStackSize                            = 4194304                                   {product} {ergonomic}
   size_t MaxHeapSize                              = 2118123520                                {product} {ergonomic}
   size_t MinHeapDeltaBytes                        = 1048576                                   {product} {ergonomic}
   size_t MinHeapSize                              = 8388608                                   {product} {ergonomic}
    uintx NonNMethodCodeHeapSize                   = 5839372                                {pd product} {ergonomic}
    uintx NonProfiledCodeHeapSize                  = 122909434                              {pd product} {ergonomic}
    uintx ProfiledCodeHeapSize                     = 122909434                              {pd product} {ergonomic}
    uintx ReservedCodeCacheSize                    = 251658240                              {pd product} {ergonomic}
     bool SegmentedCodeCache                       = true                                      {product} {ergonomic}
     bool ShowCodeDetailsInExceptionMessages       = true                                   {manageable} {command line}
   size_t SoftMaxHeapSize                          = 2118123520                             {manageable} {ergonomic}
     bool UseCompressedClassPointers               = true                           {product lp64_product} {ergonomic}
     bool UseCompressedOops                        = true                           {product lp64_product} {ergonomic}
     bool UseG1GC                                  = true                                      {product} {ergonomic}
     bool UseLargePagesIndividualAllocation        = false                                  {pd product} {ergonomic}

Logging:
Log output configuration:
 #0: stdout all=warning uptime,level,tags
 #1: stderr all=off uptime,level,tags

Environment Variables:
JAVA_HOME=C:\Program Files\Java\jdk1.8.0_202
PATH=C:/Users/DC/.p2/pool/plugins/org.eclipse.justj.openjdk.hotspot.jre.full.win32.x86_64_17.0.8.v20230831-1047/jre/bin/server;C:/Users/DC/.p2/pool/plugins/org.eclipse.justj.openjdk.hotspot.jre.full.win32.x86_64_17.0.8.v20230831-1047/jre/bin;C:\WINDOWS\system32;C:\WINDOWS;C:\WINDOWS\System32\Wbem;C:\WINDOWS\System32\WindowsPowerShell\v1.0\;C:\WINDOWS\System32\OpenSSH\;C:\Program Files (x86)\Microsoft\Edge\Temp\scoped_dir18004_777113740;C:\Program Files\Java\jdk-17.0.5\bin;C:\Program Files\Java\jdk1.8.0_202\bin;C:\Users\DC\Downloads\mysql-connector-j-8.0.32\mysql-connector-j-8.0.32;C:\Users\DC\Desktop\programs\Jdbc2\;C:\Program Files\Java\jdk1.8.0_202\jre\lib\ext;C:\Program Files\MySQL\MySQL Server 8.0\bin;C:\Program Files\MySQL\MySQL Shell 8.0\bin\;C:\Users\DC\AppData\Local\Programs\Python\Python311\Scripts\;C:\Users\DC\AppData\Local\Programs\Python\Python311\;C:\Users\DC\AppData\Local\Microsoft\WindowsApps;;C:\Users\DC\AppData\Local\Programs\Microsoft VS Code\bin;C:\Users\DC\Desktop;
USERNAME=DC
OS=Windows_NT
PROCESSOR_IDENTIFIER=Intel64 Family 6 Model 142 Stepping 12, GenuineIntel
TMP=C:\Users\DC\AppData\Local\Temp
TEMP=C:\Users\DC\AppData\Local\Temp



---------------  S Y S T E M  ---------------

OS:
 Windows 11 , 64 bit Build 22621 (10.0.22621.2070)
OS uptime: 5 days 3:30 hours

CPU: total 8 (initial active 8) (4 cores per cpu, 2 threads per core) family 6 model 142 stepping 12 microcode 0xde, cx8, cmov, fxsr, ht, mmx, 3dnowpref, sse, sse2, sse3, ssse3, sse4.1, sse4.2, popcnt, lzcnt, tsc, tscinvbit, avx, avx2, aes, erms, clmul, bmi1, bmi2, adx, fma, vzeroupper, clflush, clflushopt
Processor Information for all 8 processors :
  Max Mhz: 1800, Current Mhz: 1600, Mhz Limit: 1584

Memory: 4k page, system-wide physical 8078M (514M free)
TotalPageFile size 13789M (AvailPageFile size 4M)
current process WorkingSet (physical memory assigned to process): 11M, peak: 11M
current process commit charge ("private bytes"): 55M, peak: 56M

vm_info: OpenJDK 64-Bit Server VM (17.0.8.1+1) for windows-amd64 JRE (17.0.8.1+1), built on Aug 23 2023 15:29:17 by "admin" with MS VC++ 16.7 (VS2019)

END.
